{
  "RSpec": {
    "coverage": {
      "/Users/fedorius/Work/interviews/estante-virtual/competition/spec/models/athlete_spec.rb": [
        1,
        null,
        1,
        1,
        1,
        1,
        1,
        1,
        null,
        null,
        null,
        1,
        1,
        1,
        null,
        null,
        null
      ],
      "/Users/fedorius/Work/interviews/estante-virtual/competition/app/models/athlete.rb": [
        1,
        1,
        null
      ],
      "/Users/fedorius/Work/interviews/estante-virtual/competition/spec/models/championship_participation_performance_spec.rb": [
        1,
        null,
        1,
        1,
        1,
        null,
        null,
        null,
        null,
        7,
        null,
        null,
        1,
        1,
        null,
        null,
        1,
        1,
        null,
        null,
        1,
        1,
        null,
        null,
        null,
        1,
        1,
        null,
        null,
        null,
        1,
        null,
        null,
        1,
        null,
        null,
        1,
        null,
        null,
        1,
        null,
        null,
        null,
        null,
        1,
        1,
        null,
        1,
        null,
        null,
        null,
        1,
        1,
        null,
        1,
        3,
        null,
        null,
        1,
        1,
        1,
        null,
        null,
        null
      ],
      "/Users/fedorius/Work/interviews/estante-virtual/competition/app/models/championship_participation_performance.rb": [
        1,
        1,
        1,
        1,
        null,
        1,
        1,
        1,
        null,
        1,
        1,
        1,
        1,
        null,
        1,
        null,
        1,
        null,
        1,
        110,
        1,
        null,
        null,
        null,
        1,
        64,
        63,
        null,
        63,
        63,
        null,
        63,
        4,
        null,
        null,
        63,
        3,
        null,
        null,
        63,
        63,
        3,
        null,
        null,
        null,
        null,
        1,
        null,
        null,
        null,
        1,
        64,
        63,
        null,
        63,
        1,
        null,
        null,
        null,
        null,
        1,
        64,
        63,
        2,
        null,
        null,
        null,
        null,
        1,
        63,
        null,
        null,
        1,
        64,
        4,
        null,
        null,
        null
      ],
      "/Users/fedorius/Work/interviews/estante-virtual/competition/spec/models/championship_participation_spec.rb": [
        1,
        null,
        1,
        1,
        1,
        1,
        null,
        1,
        1,
        1,
        null,
        1,
        1,
        1,
        null,
        null,
        null,
        1,
        1,
        1,
        null,
        null,
        1,
        1,
        null,
        null,
        null
      ],
      "/Users/fedorius/Work/interviews/estante-virtual/competition/app/models/championship_participation.rb": [
        1,
        1,
        1,
        1,
        null,
        1,
        1,
        null
      ],
      "/Users/fedorius/Work/interviews/estante-virtual/competition/spec/models/championship_spec.rb": [
        1,
        null,
        1,
        1,
        1,
        1,
        1,
        1,
        null,
        null,
        1,
        1,
        1,
        1,
        null,
        null,
        1,
        1,
        1,
        1,
        null,
        null,
        null,
        1,
        1,
        1,
        1,
        null,
        null,
        1,
        1,
        1,
        null,
        null,
        1,
        1,
        1,
        null,
        null,
        null,
        null,
        1,
        3,
        null,
        1,
        1,
        null,
        null,
        1,
        1,
        null,
        null,
        null,
        1,
        3,
        null,
        1,
        1,
        1,
        1,
        null,
        null,
        1,
        1,
        1,
        null,
        1,
        1,
        null,
        1,
        1,
        null,
        1,
        1,
        null,
        null,
        null,
        1,
        2,
        3,
        3,
        null,
        1,
        1,
        1,
        null,
        null,
        1,
        1,
        1,
        null,
        null,
        1,
        1,
        1,
        null,
        null,
        null,
        1,
        1,
        1,
        1,
        1,
        null,
        null,
        1,
        1,
        1,
        1,
        null,
        null,
        null,
        null
      ],
      "/Users/fedorius/Work/interviews/estante-virtual/competition/app/models/championship.rb": [
        1,
        1,
        1,
        null,
        1,
        1,
        null,
        1,
        null,
        1,
        63,
        null,
        null,
        1,
        10,
        1,
        null,
        null,
        null,
        1,
        17,
        null,
        null,
        1,
        19,
        null,
        null,
        1,
        null,
        null,
        null,
        1,
        9,
        null,
        null,
        1,
        14,
        null,
        14,
        29,
        24,
        null,
        5,
        null,
        null,
        null,
        null,
        14,
        11,
        null,
        null,
        null,
        null,
        3,
        null,
        null,
        14,
        9,
        null,
        5,
        null,
        null,
        null
      ],
      "/Users/fedorius/Work/interviews/estante-virtual/competition/spec/models/user_spec.rb": [
        1,
        null,
        1,
        1,
        1,
        1,
        1,
        null,
        null,
        1,
        1,
        1,
        null,
        1,
        null,
        null,
        null
      ],
      "/Users/fedorius/Work/interviews/estante-virtual/competition/spec/requests/athlete_spec.rb": [
        1,
        null,
        1,
        1,
        1,
        1,
        1,
        null,
        null,
        null,
        1,
        3,
        null,
        1,
        4,
        null,
        null,
        1,
        1,
        1,
        null,
        1,
        1,
        1,
        null,
        null,
        null,
        1,
        1,
        1,
        null,
        1,
        1,
        1,
        null,
        null,
        null,
        1,
        1,
        1,
        null,
        1,
        null,
        1,
        null,
        1,
        1,
        null,
        1,
        null,
        null,
        1,
        1,
        null,
        1,
        null,
        1,
        1,
        null,
        1,
        null,
        null,
        null,
        null
      ],
      "/Users/fedorius/Work/interviews/estante-virtual/competition/spec/requests/auth_spec.rb": [
        1,
        null,
        1,
        3,
        2,
        null,
        3,
        2,
        null,
        1,
        1,
        1,
        1,
        1,
        null,
        null,
        1,
        1,
        1,
        1,
        null,
        null,
        1,
        1,
        1,
        1,
        null,
        null,
        null
      ],
      "/Users/fedorius/Work/interviews/estante-virtual/competition/spec/requests/championship_participation_performance_spec.rb": [
        1,
        null,
        1,
        4,
        2,
        2,
        null,
        1,
        1,
        1,
        1,
        null,
        null,
        null,
        1,
        1,
        4,
        null,
        null,
        1,
        1,
        1,
        1,
        null,
        1,
        1,
        1,
        1,
        null,
        null,
        null,
        1,
        1,
        1,
        null,
        null,
        1,
        1,
        1,
        null,
        null,
        1,
        1,
        null,
        null,
        1,
        null,
        null,
        1,
        1,
        null,
        null,
        1,
        1,
        null,
        null,
        null,
        null,
        null
      ],
      "/Users/fedorius/Work/interviews/estante-virtual/competition/spec/requests/championship_spec.rb": [
        1,
        null,
        1,
        1,
        1,
        1,
        1,
        null,
        null,
        null,
        1,
        3,
        2,
        null,
        1,
        7,
        null,
        null,
        1,
        1,
        1,
        1,
        null,
        1,
        1,
        null,
        3,
        null,
        null,
        null,
        null,
        1,
        1,
        1,
        null,
        1,
        1,
        null,
        1,
        1,
        1,
        null,
        null,
        1,
        1,
        null,
        1,
        1,
        null,
        1,
        1,
        1,
        1,
        null,
        null,
        null,
        1,
        3,
        null,
        1,
        1,
        null,
        1,
        null,
        1,
        1,
        null,
        1,
        null,
        null,
        1,
        1,
        null,
        1,
        null,
        1,
        1,
        null,
        1,
        null,
        null,
        null,
        1,
        3,
        2,
        null,
        1,
        1,
        null,
        1,
        null,
        1,
        1,
        null,
        null,
        1,
        1,
        1,
        null,
        1,
        null,
        null,
        null,
        null,
        1,
        null,
        1,
        1,
        null,
        null,
        null,
        null
      ],
      "/Users/fedorius/Work/interviews/estante-virtual/competition/app/controllers/api/championships_controller.rb": [
        1,
        1,
        null,
        1,
        1,
        null,
        null,
        1,
        3,
        3,
        null,
        null,
        1,
        4,
        4,
        null,
        null,
        1,
        null,
        null,
        1,
        1,
        9,
        null,
        null,
        1,
        7,
        null,
        null
      ],
      "/Users/fedorius/Work/interviews/estante-virtual/competition/app/controllers/application_controller.rb": [
        1,
        1,
        1,
        null,
        1,
        40,
        null,
        null
      ],
      "/Users/fedorius/Work/interviews/estante-virtual/competition/app/models/championships/dart_throwing_championship.rb": [
        1,
        1,
        76,
        null,
        null,
        1,
        71,
        null,
        null,
        1,
        null,
        null,
        49,
        null,
        null
      ],
      "/Users/fedorius/Work/interviews/estante-virtual/competition/app/controllers/api/athletes_controller.rb": [
        1,
        1,
        1,
        null,
        null,
        1,
        5,
        null,
        null,
        1,
        1,
        1,
        null,
        null,
        1,
        1,
        5,
        null,
        null
      ],
      "/Users/fedorius/Work/interviews/estante-virtual/competition/app/controllers/api/championship_performances_controller.rb": [
        1,
        1,
        null,
        1,
        1,
        null,
        null,
        1,
        13,
        null,
        13,
        12,
        null,
        null,
        null,
        null,
        12,
        null,
        null,
        1,
        null,
        null,
        null,
        1,
        1,
        14,
        null,
        null,
        1,
        25,
        null,
        null
      ],
      "/Users/fedorius/Work/interviews/estante-virtual/competition/app/models/championship_participation_performances/dart_throwing_performance.rb": [
        1,
        1,
        null,
        null,
        57,
        null,
        null
      ],
      "/Users/fedorius/Work/interviews/estante-virtual/competition/app/models/championship_participation_performances/one_hundred_metre_dash_performance.rb": [
        1,
        1,
        null,
        null,
        6,
        null,
        null
      ],
      "/Users/fedorius/Work/interviews/estante-virtual/competition/app/models/championships/one_hundred_metre_dash_championship.rb": [
        1,
        1,
        8,
        null,
        null,
        1,
        null,
        null,
        4,
        null,
        null
      ]
    },
    "timestamp": 1475011218
  }
}
